<?xml version="1.0" encoding="UTF-8"?>
<testng-results ignored="0" total="4" passed="4" failed="0" skipped="0">
  <reporter-output>
  </reporter-output>
  <suite started-at="2025-08-20T12:53:35 IST" name="TestsSuite" finished-at="2025-08-20T12:53:45 IST" duration-ms="9780">
    <groups>
    </groups>
    <test started-at="2025-08-20T12:53:35 IST" name="Tests" finished-at="2025-08-20T12:53:45 IST" duration-ms="9780">
      <class name="tests.LoginTest">
        <test-method is-config="true" signature="openApplication()[pri:0, instance:tests.LoginTest@75e91545]" started-at="2025-08-20T12:53:30 IST" name="openApplication" finished-at="2025-08-20T12:53:35 IST" duration-ms="5136" status="PASS">
          <reporter-output>
          </reporter-output>
        </test-method> <!-- openApplication -->
        <test-method signature="login(java.lang.String,java.lang.String)[pri:0, instance:tests.LoginTest@75e91545]" started-at="2025-08-20T12:53:35 IST" name="login" finished-at="2025-08-20T12:53:37 IST" duration-ms="1563" status="PASS">
          <params>
            <param index="0">
              <value>
                <![CDATA[selenium@gmail.com]]>
              </value>
            </param>
            <param index="1">
              <value>
                <![CDATA[akhtar]]>
              </value>
            </param>
          </params>
          <reporter-output>
          </reporter-output>
        </test-method> <!-- login -->
        <test-method is-config="true" signature="closure()[pri:0, instance:tests.LoginTest@75e91545]" started-at="2025-08-20T12:53:45 IST" name="closure" finished-at="2025-08-20T12:53:45 IST" duration-ms="178" status="PASS">
          <reporter-output>
          </reporter-output>
        </test-method> <!-- closure -->
      </class> <!-- tests.LoginTest -->
      <class name="tests.CartTest">
        <test-method signature="productCart()[pri:0, instance:tests.CartTest@4b672daa]" started-at="2025-08-20T12:53:39 IST" name="productCart" finished-at="2025-08-20T12:53:40 IST" duration-ms="1216" status="PASS">
          <reporter-output>
          </reporter-output>
        </test-method> <!-- productCart -->
      </class> <!-- tests.CartTest -->
      <class name="tests.CheckoutTest">
        <test-method signature="checkout(java.lang.String,java.lang.String,java.lang.String,java.lang.String,java.lang.String,java.lang.String,java.lang.String,java.lang.String)[pri:0, instance:tests.CheckoutTest@ea9b7c6]" started-at="2025-08-20T12:53:40 IST" name="checkout" data-provider="userData" finished-at="2025-08-20T12:53:45 IST" duration-ms="4533" status="PASS">
          <params>
            <param index="0">
              <value>
                <![CDATA[Arun]]>
              </value>
            </param>
            <param index="1">
              <value>
                <![CDATA[Kumar]]>
              </value>
            </param>
            <param index="2">
              <value>
                <![CDATA[Jahangirabad]]>
              </value>
            </param>
            <param index="3">
              <value>
                <![CDATA[Indarpuri]]>
              </value>
            </param>
            <param index="4">
              <value>
                <![CDATA[Bhopal]]>
              </value>
            </param>
            <param index="5">
              <value>
                <![CDATA[462008]]>
              </value>
            </param>
            <param index="6">
              <value>
                <![CDATA[India]]>
              </value>
            </param>
            <param index="7">
              <value>
                <![CDATA[Madhya Pradesh]]>
              </value>
            </param>
          </params>
          <reporter-output>
          </reporter-output>
        </test-method> <!-- checkout -->
      </class> <!-- tests.CheckoutTest -->
      <class name="tests.SearchTest">
        <test-method signature="search()[pri:0, instance:tests.SearchTest@40c80397]" started-at="2025-08-20T12:53:37 IST" name="search" finished-at="2025-08-20T12:53:39 IST" duration-ms="2420" status="PASS">
          <reporter-output>
          </reporter-output>
        </test-method> <!-- search -->
      </class> <!-- tests.SearchTest -->
    </test> <!-- Tests -->
  </suite> <!-- TestsSuite -->
</testng-results>
