<?xml version="1.0" encoding="UTF-8"?>
<!-- Generated by org.testng.reporters.JUnitXMLReporter -->
<testsuite ignored="0" hostname="Ideapad" failures="0" tests="4" name="Tests" time="9.78" errors="0" timestamp="2025-08-20T12:53:45 IST">
  <testcase classname="tests.LoginTest" name="login" time="1.563"/>
  <testcase classname="tests.SearchTest" name="search" time="2.42"/>
  <testcase classname="tests.CartTest" name="productCart" time="1.216"/>
  <testcase classname="tests.CheckoutTest" name="checkout" time="4.533"/>
</testsuite> <!-- Tests -->
